<?xml version="1.0" encoding="UTF-8"?>
<testng-results ignored="0" total="4" passed="4" failed="0" skipped="0">
  <reporter-output>
  </reporter-output>
  <suite started-at="2025-07-02T16:11:53 IST" name="Suite" finished-at="2025-07-02T16:12:13 IST" duration-ms="20732">
    <groups>
      <group name="cucumber">
        <method signature="AbstractTestNGCucumberTests.runScenario(io.cucumber.testng.PickleWrapper,io.cucumber.testng.FeatureWrapper)[pri:0, instance:RunnerQA.RunnerClassofQA@131774fe]" name="runScenario" class="io.cucumber.testng.AbstractTestNGCucumberTests"/>
      </group> <!-- cucumber -->
    </groups>
    <test started-at="2025-07-02T16:11:53 IST" name="Test" finished-at="2025-07-02T16:12:13 IST" duration-ms="20732">
      <class name="RunnerQA.RunnerClassofQA">
        <test-method is-config="true" signature="setUpClass(org.testng.ITestContext)[pri:0, instance:RunnerQA.RunnerClassofQA@131774fe]" started-at="2025-07-02T16:11:53 IST" name="setUpClass" finished-at="2025-07-02T16:11:53 IST" duration-ms="470" status="PASS">
          <params>
            <param index="0">
              <value>
                <![CDATA[org.testng.TestRunner@6468a7b6]]>
              </value>
            </param>
          </params>
          <reporter-output>
          </reporter-output>
        </test-method> <!-- setUpClass -->
        <test-method signature="runScenario(io.cucumber.testng.PickleWrapper,io.cucumber.testng.FeatureWrapper)[pri:0, instance:RunnerQA.RunnerClassofQA@131774fe]" started-at="2025-07-02T16:11:53 IST" name="runScenario" description="Runs Cucumber Scenarios" data-provider="scenarios" finished-at="2025-07-02T16:11:57 IST" duration-ms="4128" status="PASS">
          <params>
            <param index="0">
              <value>
                <![CDATA["Validate Title"]]>
              </value>
            </param>
            <param index="1">
              <value>
                <![CDATA["Homepage Functionality"]]>
              </value>
            </param>
          </params>
          <reporter-output>
          </reporter-output>
        </test-method> <!-- runScenario -->
        <test-method signature="runScenario(io.cucumber.testng.PickleWrapper,io.cucumber.testng.FeatureWrapper)[pri:0, instance:RunnerQA.RunnerClassofQA@131774fe]" started-at="2025-07-02T16:11:57 IST" name="runScenario" description="Runs Cucumber Scenarios" data-provider="scenarios" finished-at="2025-07-02T16:12:00 IST" duration-ms="3022" status="PASS">
          <params>
            <param index="0">
              <value>
                <![CDATA["Verify Shopping cart icon"]]>
              </value>
            </param>
            <param index="1">
              <value>
                <![CDATA["Homepage Functionality"]]>
              </value>
            </param>
          </params>
          <reporter-output>
          </reporter-output>
        </test-method> <!-- runScenario -->
        <test-method signature="runScenario(io.cucumber.testng.PickleWrapper,io.cucumber.testng.FeatureWrapper)[pri:0, instance:RunnerQA.RunnerClassofQA@131774fe]" started-at="2025-07-02T16:12:00 IST" name="runScenario" description="Runs Cucumber Scenarios" data-provider="scenarios" finished-at="2025-07-02T16:12:04 IST" duration-ms="3555" status="PASS">
          <params>
            <param index="0">
              <value>
                <![CDATA["Checkout featured section"]]>
              </value>
            </param>
            <param index="1">
              <value>
                <![CDATA["Homepage Functionality"]]>
              </value>
            </param>
          </params>
          <reporter-output>
          </reporter-output>
        </test-method> <!-- runScenario -->
        <test-method signature="runScenario(io.cucumber.testng.PickleWrapper,io.cucumber.testng.FeatureWrapper)[pri:0, instance:RunnerQA.RunnerClassofQA@131774fe]" started-at="2025-07-02T16:12:04 IST" name="runScenario" description="Runs Cucumber Scenarios" data-provider="scenarios" finished-at="2025-07-02T16:12:13 IST" duration-ms="9099" status="PASS">
          <params>
            <param index="0">
              <value>
                <![CDATA["Login to App"]]>
              </value>
            </param>
            <param index="1">
              <value>
                <![CDATA["Homepage Functionality"]]>
              </value>
            </param>
          </params>
          <reporter-output>
          </reporter-output>
        </test-method> <!-- runScenario -->
        <test-method is-config="true" signature="tearDownClass()[pri:0, instance:RunnerQA.RunnerClassofQA@131774fe]" started-at="2025-07-02T16:12:13 IST" name="tearDownClass" finished-at="2025-07-02T16:12:13 IST" duration-ms="407" status="PASS">
          <reporter-output>
          </reporter-output>
        </test-method> <!-- tearDownClass -->
      </class> <!-- RunnerQA.RunnerClassofQA -->
    </test> <!-- Test -->
  </suite> <!-- Suite -->
</testng-results>
