<?xml version="1.0" encoding="UTF-8"?>
<testsuite xmlns:xsi="http://www.w3.org/2001/XMLSchema-instance" xsi:noNamespaceSchemaLocation="https://maven.apache.org/surefire/maven-surefire-plugin/xsd/surefire-test-report.xsd" version="3.0.2" name="TestSuite" time="24.813" tests="5" errors="0" skipped="0" failures="0">
  <properties>
[...]
</properties>
  <testcase name="runScenario[&quot;verify title&quot;, &quot;Homepage Functionality&quot;](1)" classname="RunnerQafox.Ruunerhomepage" time="4.871">
    <system-out><![CDATA[
Scenario: verify title                        &amp#27;[90m# src/test/resources/AppTest/LoginHomepage.feature:2&amp#27;[0m
  &amp#27;[32mGiven &amp#27;[0m&amp#27;[32mthe user is at Homepage&amp#27;[0m               &amp#27;[90m# StepdefinitionQA.Homepage_stepdef.the_user_is_at_homepage()&amp#27;[0m
  &amp#27;[32mThen &amp#27;[0m&amp#27;[32mpage title should contain &amp#27;[0m&amp#27;[32m&amp#27;[1m"Your Store"&amp#27;[0m &amp#27;[90m# StepdefinitionQA.Homepage_stepdef.page_title_should_contain(java.lang.String)&amp#27;[0m
]]></system-out>
    <system-err><![CDATA[SLF4J: Failed to load class "org.slf4j.impl.StaticLoggerBinder".
SLF4J: Defaulting to no-operation (NOP) logger implementation
SLF4J: See http://www.slf4j.org/codes.html#StaticLoggerBinder for further details.
Jun 30, 2025 5:09:42 PM org.openqa.selenium.devtools.CdpVersionFinder findNearestMatch
WARNING: Unable to find an exact match for CDP version 138, returning the closest version; found: 137; Please update to a Selenium version that supports CDP version 138
]]></system-err>
  </testcase>
  <testcase name="runScenario[&quot;Verify shopping cart icon&quot;, &quot;Homepage Functionality&quot;](2)" classname="RunnerQafox.Ruunerhomepage" time="3.396">
    <system-out><![CDATA[
Scenario: Verify shopping cart icon        &amp#27;[90m# src/test/resources/AppTest/LoginHomepage.feature:6&amp#27;[0m
  &amp#27;[32mGiven &amp#27;[0m&amp#27;[32mthe user is at Homepage&amp#27;[0m            &amp#27;[90m# StepdefinitionQA.Homepage_stepdef.the_user_is_at_homepage()&amp#27;[0m
  &amp#27;[32mThen &amp#27;[0m&amp#27;[32mShopping cart icon should displayed&amp#27;[0m &amp#27;[90m# StepdefinitionQA.Homepage_stepdef.shopping_cart_icon_should_displayed()&amp#27;[0m
]]></system-out>
    <system-err><![CDATA[Jun 30, 2025 5:09:46 PM org.openqa.selenium.devtools.CdpVersionFinder findNearestMatch
WARNING: Unable to find an exact match for CDP version 138, returning the closest version; found: 137; Please update to a Selenium version that supports CDP version 138
]]></system-err>
  </testcase>
  <testcase name="runScenario[&quot;Checkout featured section&quot;, &quot;Homepage Functionality&quot;](3)" classname="RunnerQafox.Ruunerhomepage" time="4.866">
    <system-out><![CDATA[
Scenario: Checkout featured section               &amp#27;[90m# src/test/resources/AppTest/LoginHomepage.feature:10&amp#27;[0m
  &amp#27;[32mGiven &amp#27;[0m&amp#27;[32mthe user is at Homepage&amp#27;[0m                   &amp#27;[90m# StepdefinitionQA.Homepage_stepdef.the_user_is_at_homepage()&amp#27;[0m
  &amp#27;[32mWhen &amp#27;[0m&amp#27;[32muser clicks on iphone&amp#27;[0m                      &amp#27;[90m# StepdefinitionQA.Homepage_stepdef.user_clicks_on_iphone()&amp#27;[0m
  &amp#27;[32mThen &amp#27;[0m&amp#27;[32muser should able to see brand name &amp#27;[0m&amp#27;[32m&amp#27;[1m"Apple"&amp#27;[0m &amp#27;[90m# StepdefinitionQA.Homepage_stepdef.user_should_able_to_see_brand_name(java.lang.String)&amp#27;[0m
]]></system-out>
    <system-err><![CDATA[Jun 30, 2025 5:09:50 PM org.openqa.selenium.devtools.CdpVersionFinder findNearestMatch
WARNING: Unable to find an exact match for CDP version 138, returning the closest version; found: 137; Please update to a Selenium version that supports CDP version 138
]]></system-err>
  </testcase>
  <testcase name="runScenario[&quot;Login to app&quot;, &quot;Homepage Functionality&quot;](4)" classname="RunnerQafox.Ruunerhomepage" time="5.065">
    <system-out><![CDATA[
Scenario Outline: Login to app                                &amp#27;[90m# src/test/resources/AppTest/LoginHomepage.feature:24&amp#27;[0m
  &amp#27;[32mGiven &amp#27;[0m&amp#27;[32mthe user is at Homepage&amp#27;[0m                               &amp#27;[90m# StepdefinitionQA.Homepage_stepdef.the_user_is_at_homepage()&amp#27;[0m
  &amp#27;[32mWhen &amp#27;[0m&amp#27;[32muser click on My accout dropndown&amp#27;[0m                      &amp#27;[90m# StepdefinitionQA.Homepage_stepdef.user_click_on_my_accout_dropndown()&amp#27;[0m
  &amp#27;[32mAnd &amp#27;[0m&amp#27;[32muser click on login option&amp#27;[0m                              &amp#27;[90m# StepdefinitionQA.Homepage_stepdef.user_click_on_login_option()&amp#27;[0m
  &amp#27;[32mAnd &amp#27;[0m&amp#27;[32muser enters &amp#27;[0m&amp#27;[32m&amp#27;[1m"poojasurkutlawar@gmail.com"&amp#27;[0m&amp#27;[32m and &amp#27;[0m&amp#27;[32m&amp#27;[1m"Pooja@09"&amp#27;[0m &amp#27;[90m# StepdefinitionQA.Homepage_stepdef.user_enters_and(java.lang.String,java.lang.String)&amp#27;[0m
  &amp#27;[32mAnd &amp#27;[0m&amp#27;[32muser click on login button&amp#27;[0m                              &amp#27;[90m# StepdefinitionQA.Homepage_stepdef.user_click_on_login_button()&amp#27;[0m
  &amp#27;[32mThen &amp#27;[0m&amp#27;[32muser should redirected to &amp#27;[0m&amp#27;[32m&amp#27;[1m"My Account"&amp#27;[0m&amp#27;[32m page&amp#27;[0m            &amp#27;[90m# StepdefinitionQA.Homepage_stepdef.user_should_redirected_to_page(java.lang.String)&amp#27;[0m
]]></system-out>
    <system-err><![CDATA[Jun 30, 2025 5:09:55 PM org.openqa.selenium.devtools.CdpVersionFinder findNearestMatch
WARNING: Unable to find an exact match for CDP version 138, returning the closest version; found: 137; Please update to a Selenium version that supports CDP version 138
]]></system-err>
  </testcase>
  <testcase name="runScenario[&quot;Search Product&quot;, &quot;Search Faunctionality&quot;](5)" classname="RunnerQafox.Ruunerhomepage" time="4.986">
    <system-out><![CDATA[
Scenario: Search Product                                                     &amp#27;[90m# src/test/resources/AppTest/Searchproduct.feature:3&amp#27;[0m
  &amp#27;[32mGiven &amp#27;[0m&amp#27;[32mthe user is at the Homepage&amp#27;[0m                                          &amp#27;[90m# StepdefinitionQA.SerachprodctQa.the_user_is_at_the_homepage()&amp#27;[0m
  &amp#27;[32mWhen &amp#27;[0m&amp#27;[32muser searches &amp#27;[0m&amp#27;[32m&amp#27;[1m"MacBook"&amp#27;[0m                                               &amp#27;[90m# StepdefinitionQA.SerachprodctQa.user_searches(java.lang.String)&amp#27;[0m
  &amp#27;[32mThen &amp#27;[0m&amp#27;[32muser should be able to see &amp#27;[0m&amp#27;[32m&amp#27;[1m"MacBook"&amp#27;[0m&amp#27;[32m, &amp#27;[0m&amp#27;[32m&amp#27;[1m"MacBook Air"&amp#27;[0m&amp#27;[32m and &amp#27;[0m&amp#27;[32m&amp#27;[1m"MacBook Pro"&amp#27;[0m &amp#27;[90m# StepdefinitionQA.SerachprodctQa.user_should_be_able_to_see_and(java.lang.String,java.lang.String,java.lang.String)&amp#27;[0m
]]></system-out>
    <system-err><![CDATA[Jun 30, 2025 5:10:00 PM org.openqa.selenium.devtools.CdpVersionFinder findNearestMatch
WARNING: Unable to find an exact match for CDP version 138, returning the closest version; found: 137; Please update to a Selenium version that supports CDP version 138
]]></system-err>
  </testcase>
</testsuite>